<?xml version="1.0" encoding="UTF-8"?>
<testng-results skipped="0" failed="0" ignored="0" total="2" passed="2">
  <reporter-output>
  </reporter-output>
  <suite name="Suite" duration-ms="52" started-at="2018-04-08T14:57:51Z" finished-at="2018-04-08T14:57:51Z">
    <groups>
    </groups>
    <test name="Test" duration-ms="52" started-at="2018-04-08T14:57:51Z" finished-at="2018-04-08T14:57:51Z">
      <class name="com.Facebook.login.Facebook_Logn">
        <test-method status="PASS" signature="Login()[pri:1, instance:com.Facebook.login.Facebook_Logn@5d5eef3d]" name="Login" duration-ms="17" started-at="2018-04-08T09:57:51Z" finished-at="2018-04-08T09:57:51Z">
          <reporter-output>
          </reporter-output>
        </test-method> <!-- Login -->
        <test-method status="PASS" signature="Account()[pri:2, instance:com.Facebook.login.Facebook_Logn@5d5eef3d]" name="Account" duration-ms="3" started-at="2018-04-08T09:57:51Z" finished-at="2018-04-08T09:57:51Z">
          <reporter-output>
          </reporter-output>
        </test-method> <!-- Account -->
      </class> <!-- com.Facebook.login.Facebook_Logn -->
    </test> <!-- Test -->
  </suite> <!-- Suite -->
</testng-results>
